<?xml version="1.0" encoding="UTF-8"?>
<!-- Generated by org.testng.reporters.JUnitReportReporter -->
<testsuite hostname="Chandani" name="testcases.LoginTest" tests="1" failures="0" timestamp="28 Sep 2019 03:08:58 GMT" time="11.461" errors="0">
  <testcase name="loginToHRM" time="11.461" classname="testcases.LoginTest"/>
</testsuite> <!-- testcases.LoginTest -->
