<?xml version="1.0" encoding="UTF-8"?>
<!-- Generated by org.testng.reporters.JUnitReportReporter -->
<testsuite hostname="Chandani" name="testcases.SeleniumGridDemo" tests="1" failures="0" timestamp="6 Oct 2019 04:45:44 GMT" time="26.369" errors="0">
  <testcase name="test1" time="26.369" classname="testcases.SeleniumGridDemo"/>
</testsuite> <!-- testcases.SeleniumGridDemo -->
