<?xml version="1.0" encoding="UTF-8"?>
<!-- Generated by org.testng.reporters.JUnitReportReporter -->
<testsuite hostname="Chandani" name="apitesting.GetData" tests="2" failures="0" timestamp="20 Oct 2019 17:10:48 GMT" time="5.449" errors="0">
  <testcase name="testStatusCode" time="0.913" classname="apitesting.GetData"/>
  <testcase name="testContent" time="4.536" classname="apitesting.GetData"/>
</testsuite> <!-- apitesting.GetData -->
