<?xml version="1.0" encoding="UTF-8"?>
<!-- Generated by org.testng.reporters.JUnitReportReporter -->
<testsuite hostname="Chandani" name="testcases.TestLib" tests="1" failures="0" timestamp="22 Sep 2019 04:26:14 GMT" time="1.015" errors="0">
  <testcase name="test1" time="1.015" classname="testcases.TestLib"/>
</testsuite> <!-- testcases.TestLib -->
